<?xml version="1.0" encoding="UTF-8"?>
<!-- Generated by org.testng.reporters.JUnitXMLReporter -->
<testsuite hostname="DESKTOP-9BKK678" ignored="0" name="Test1" tests="3" failures="0" timestamp="21 Sep 2019 02:01:01 GMT" time="37.969" errors="0">
  <testcase name="invalidLoginTest" time="17.87" classname="com.qa.dd.testcases.InvalidLoginTest"/>
  <testcase name="invalidLoginTest" time="19.765" classname="com.qa.dd.testcases.InvalidLoginTest"/>
  <testcase name="invalidLoginTest" time="29.651" classname="com.qa.dd.testcases.InvalidLoginTest"/>
</testsuite> <!-- Test1 -->
