<?xml version="1.0" encoding="UTF-8"?>
<testsuite name="TestSuite" time="7.398" tests="1" errors="0" skipped="0" failures="1">
  <properties>
[...]
</properties>
  <testcase name="loginTest" classname="com.qa.dd.testcases.LoginTest" time="7.398">
    <failure message="null value in entry: url=null" type="java.lang.NullPointerException"><![CDATA[java.lang.NullPointerException: null value in entry: url=null
	at com.google.common.collect.CollectPreconditions.checkEntryNotNull(CollectPreconditions.java:32)
	at com.google.common.collect.SingletonImmutableBiMap.<init>(SingletonImmutableBiMap.java:42)
	at com.google.common.collect.ImmutableBiMap.of(ImmutableBiMap.java:70)
	at com.google.common.collect.ImmutableMap.of(ImmutableMap.java:123)
	at org.openqa.selenium.remote.RemoteWebDriver.get(RemoteWebDriver.java:271)
	at org.openqa.selenium.remote.RemoteWebDriver$RemoteNavigation.to(RemoteWebDriver.java:848)
	at com.qa.dd.PageObjects.DDNavURL.open(DDNavURL.java:18)
	at com.qa.dd.testcases.LoginTest.loginTest(LoginTest.java:20)
]]></failure>
    <system-out><![CDATA[[INFO ] 2019-09-18 00:26:50.530 [main] BaseTest - Config properties file loaded
InvalidloginTest
loginTest
Total rows are : 9
Total rows are : 9
Test case starts from row num: 1
Total rows of data are : 2
Total cols are : 4
Test case starts from row num: 10
Total rows of data are : 0
Total cols are : 0
[INFO ] 2019-09-18 00:26:52.377 [TestNG-PoolService-1] BaseTest - Inside Login Test
Launching : firefox
[INFO ] 2019-09-18 00:26:52.382 [TestNG-PoolService-0] BaseTest - Inside Login Test
Launching : chrome
]]></system-out>
    <system-err><![CDATA[log4j:WARN No appenders could be found for logger (freemarker.cache).
log4j:WARN Please initialize the log4j system properly.
Starting ChromeDriver 2.37.544315 (730aa6a5fdba159ac9f4c1e8cbc59bf1b5ce12b7) on port 37377
Only local connections are allowed.
1568791613711	geckodriver	INFO	geckodriver 0.20.1
1568791613737	geckodriver	INFO	Listening on 127.0.0.1:45242
1568791614613	mozrunner::runner	INFO	Running command: "C:\\Program Files\\Mozilla Firefox\\firefox.exe" "-marionette" "-profile" "C:\\Users\\14083\\AppData\\Local\\Temp\\rust_mozprofile.PheC9nPSO8nx"
Sep 18, 2019 12:26:57 AM org.openqa.selenium.remote.ProtocolHandshake createSession
INFO: Detected dialect: OSS
1568791617951	addons.webextension.screenshots@mozilla.org	WARN	Loading extension 'screenshots@mozilla.org': Reading manifest: Invalid extension permission: mozillaAddons
1568791617952	addons.webextension.screenshots@mozilla.org	WARN	Loading extension 'screenshots@mozilla.org': Reading manifest: Invalid extension permission: telemetry
1568791617953	addons.webextension.screenshots@mozilla.org	WARN	Loading extension 'screenshots@mozilla.org': Reading manifest: Invalid extension permission: resource://pdf.js/
1568791617953	addons.webextension.screenshots@mozilla.org	WARN	Loading extension 'screenshots@mozilla.org': Reading manifest: Invalid extension permission: about:reader*
1568791618347	Marionette	TRACE	Received observer notification profile-after-change
1568791618546	Marionette	TRACE	Received observer notification toplevel-window-ready
1568791618649	Marionette	TRACE	Received observer notification command-line-startup
1568791618651	Marionette	TRACE	Received observer notification nsPref:changed
1568791618651	Marionette	DEBUG	Init aborted (running=false, enabled=true, finalUIStartup=false)
]]></system-err>
  </testcase>
</testsuite>